C:\USERS\ALI\DOCUMENTS\VISUAL STUDIO 2010\PROJECTS\PROGRAMMINGASSIGNMENT4\DEBUG\PROGRAMMINGASSIGNMENT4.EXE
C:\USERS\ALI\DOCUMENTS\VISUAL STUDIO 2010\PROJECTS\PROGRAMMINGASSIGNMENT4\DEBUG\PROGRAMMINGASSIGNMENT4.ILK
C:\USERS\ALI\DOCUMENTS\VISUAL STUDIO 2010\PROJECTS\PROGRAMMINGASSIGNMENT4\DEBUG\PROGRAMMINGASSIGNMENT4.PDB
C:\USERS\ALI\DOCUMENTS\VISUAL STUDIO 2010\PROJECTS\PROGRAMMINGASSIGNMENT4\PROGRAMMINGASSIGNMENT4\DEBUG\ADMINSTRATOR.OBJ
C:\USERS\ALI\DOCUMENTS\VISUAL STUDIO 2010\PROJECTS\PROGRAMMINGASSIGNMENT4\PROGRAMMINGASSIGNMENT4\DEBUG\AEBINARYSEARCHTREE.OBJ
C:\USERS\ALI\DOCUMENTS\VISUAL STUDIO 2010\PROJECTS\PROGRAMMINGASSIGNMENT4\PROGRAMMINGASSIGNMENT4\DEBUG\AEBINARYSEARCHTREEINTERFACE.OBJ
c:\Users\ali\documents\visual studio 2010\Projects\ProgrammingAssignment4\ProgrammingAssignment4\Debug\cl.command.1.tlog
c:\Users\ali\documents\visual studio 2010\Projects\ProgrammingAssignment4\ProgrammingAssignment4\Debug\CL.read.1.tlog
c:\Users\ali\documents\visual studio 2010\Projects\ProgrammingAssignment4\ProgrammingAssignment4\Debug\CL.write.1.tlog
C:\USERS\ALI\DOCUMENTS\VISUAL STUDIO 2010\PROJECTS\PROGRAMMINGASSIGNMENT4\PROGRAMMINGASSIGNMENT4\DEBUG\CONTROLLER.OBJ
C:\USERS\ALI\DOCUMENTS\VISUAL STUDIO 2010\PROJECTS\PROGRAMMINGASSIGNMENT4\PROGRAMMINGASSIGNMENT4\DEBUG\DOCTOR.OBJ
C:\USERS\ALI\DOCUMENTS\VISUAL STUDIO 2010\PROJECTS\PROGRAMMINGASSIGNMENT4\PROGRAMMINGASSIGNMENT4\DEBUG\EMPLOYEE.OBJ
C:\USERS\ALI\DOCUMENTS\VISUAL STUDIO 2010\PROJECTS\PROGRAMMINGASSIGNMENT4\PROGRAMMINGASSIGNMENT4\DEBUG\HOSPITALEMPLOYEE.OBJ
C:\USERS\ALI\DOCUMENTS\VISUAL STUDIO 2010\PROJECTS\PROGRAMMINGASSIGNMENT4\PROGRAMMINGASSIGNMENT4\DEBUG\JANITOR.OBJ
c:\Users\ali\documents\visual studio 2010\Projects\ProgrammingAssignment4\ProgrammingAssignment4\Debug\link.command.1.tlog
c:\Users\ali\documents\visual studio 2010\Projects\ProgrammingAssignment4\ProgrammingAssignment4\Debug\link.read.1.tlog
c:\Users\ali\documents\visual studio 2010\Projects\ProgrammingAssignment4\ProgrammingAssignment4\Debug\link.write.1.tlog
c:\Users\ali\documents\visual studio 2010\Projects\ProgrammingAssignment4\ProgrammingAssignment4\Debug\mt.command.1.tlog
c:\Users\ali\documents\visual studio 2010\Projects\ProgrammingAssignment4\ProgrammingAssignment4\Debug\mt.read.1.tlog
c:\Users\ali\documents\visual studio 2010\Projects\ProgrammingAssignment4\ProgrammingAssignment4\Debug\mt.write.1.tlog
C:\USERS\ALI\DOCUMENTS\VISUAL STUDIO 2010\PROJECTS\PROGRAMMINGASSIGNMENT4\PROGRAMMINGASSIGNMENT4\DEBUG\NODE.OBJ
C:\USERS\ALI\DOCUMENTS\VISUAL STUDIO 2010\PROJECTS\PROGRAMMINGASSIGNMENT4\PROGRAMMINGASSIGNMENT4\DEBUG\NURSE.OBJ
C:\USERS\ALI\DOCUMENTS\VISUAL STUDIO 2010\PROJECTS\PROGRAMMINGASSIGNMENT4\PROGRAMMINGASSIGNMENT4\DEBUG\PROGRAMMINGASSIGNMENT4.EXE.INTERMEDIATE.MANIFEST
C:\USERS\ALI\DOCUMENTS\VISUAL STUDIO 2010\PROJECTS\PROGRAMMINGASSIGNMENT4\PROGRAMMINGASSIGNMENT4\DEBUG\PROGRAMMINGASSIGNMENT4.OBJ
c:\Users\ali\documents\visual studio 2010\Projects\ProgrammingAssignment4\ProgrammingAssignment4\Debug\ProgrammingAssignment4.vcxprojResolveAssemblyReference.cache
c:\Users\ali\documents\visual studio 2010\Projects\ProgrammingAssignment4\ProgrammingAssignment4\Debug\ProgrammingAssignment4.write.1.tlog
C:\USERS\ALI\DOCUMENTS\VISUAL STUDIO 2010\PROJECTS\PROGRAMMINGASSIGNMENT4\PROGRAMMINGASSIGNMENT4\DEBUG\RECEPTIONIST.OBJ
C:\USERS\ALI\DOCUMENTS\VISUAL STUDIO 2010\PROJECTS\PROGRAMMINGASSIGNMENT4\PROGRAMMINGASSIGNMENT4\DEBUG\SURGEON.OBJ
c:\Users\ali\documents\visual studio 2010\Projects\ProgrammingAssignment4\ProgrammingAssignment4\Debug\vc100.idb
C:\USERS\ALI\DOCUMENTS\VISUAL STUDIO 2010\PROJECTS\PROGRAMMINGASSIGNMENT4\PROGRAMMINGASSIGNMENT4\DEBUG\VC100.PDB
C:\USERS\ALI\DOCUMENTS\VISUAL STUDIO 2010\PROJECTS\PROGRAMMINGASSIGNMENT4\PROGRAMMINGASSIGNMENT4\DEBUG\VIEW.OBJ
