Build started 6/28/2015 10:48:14 PM.
     1>Project "c:\Users\ali\documents\visual studio 2010\Projects\ProgrammingAssignment4\ProgrammingAssignment4\ProgrammingAssignment4.vcxproj" on node 2 (build target(s)).
     1>InitializeBuildStatus:
         Creating "Debug\ProgrammingAssignment4.unsuccessfulbuild" because "AlwaysCreate" was specified.
       ClCompile:
         C:\Program Files (x86)\Microsoft Visual Studio 10.0\VC\bin\CL.exe /c /ZI /nologo /W3 /WX- /Od /Oy- /D _MBCS /Gm /EHsc /RTC1 /MDd /GS /fp:precise /Zc:wchar_t /Zc:forScope /Fo"Debug\\" /Fd"Debug\vc100.pdb" /Gd /TP /analyze- /errorReport:prompt Employee.cpp
         Employee.cpp
       Link:
         C:\Program Files (x86)\Microsoft Visual Studio 10.0\VC\bin\link.exe /ERRORREPORT:PROMPT /OUT:"c:\users\ali\documents\visual studio 2010\Projects\ProgrammingAssignment4\Debug\ProgrammingAssignment4.exe" /NOLOGO kernel32.lib user32.lib gdi32.lib winspool.lib comdlg32.lib advapi32.lib shell32.lib ole32.lib oleaut32.lib uuid.lib odbc32.lib odbccp32.lib /MANIFEST /ManifestFile:"Debug\ProgrammingAssignment4.exe.intermediate.manifest" /MANIFESTUAC:"level='asInvoker' uiAccess='false'" /DEBUG /PDB:"c:\users\ali\documents\visual studio 2010\Projects\ProgrammingAssignment4\Debug\ProgrammingAssignment4.pdb" /TLBID:1 /DYNAMICBASE /NXCOMPAT /IMPLIB:"c:\users\ali\documents\visual studio 2010\Projects\ProgrammingAssignment4\Debug\ProgrammingAssignment4.lib" /MACHINE:X86 Debug\Adminstrator.obj
         Debug\AEBinarySearchTree.obj
         Debug\AEBinarySearchTreeInterface.obj
         Debug\Controller.obj
         Debug\Doctor.obj
         Debug\Employee.obj
         Debug\HospitalEmployee.obj
         Debug\Janitor.obj
         Debug\Node.obj
         Debug\Nurse.obj
         Debug\ProgrammingAssignment4.obj
         Debug\Receptionist.obj
         Debug\Surgeon.obj
         Debug\View.obj
         LINK : c:\users\ali\documents\visual studio 2010\Projects\ProgrammingAssignment4\Debug\ProgrammingAssignment4.exe not found or not built by the last incremental link; performing full link
         ProgrammingAssignment4.vcxproj -> c:\users\ali\documents\visual studio 2010\Projects\ProgrammingAssignment4\Debug\ProgrammingAssignment4.exe
       Manifest:
         C:\Program Files (x86)\Microsoft SDKs\Windows\v7.0A\bin\mt.exe /nologo /verbose /outputresource:"c:\users\ali\documents\visual studio 2010\Projects\ProgrammingAssignment4\Debug\ProgrammingAssignment4.exe;#1" /manifest Debug\ProgrammingAssignment4.exe.intermediate.manifest
       FinalizeBuildStatus:
         Deleting file "Debug\ProgrammingAssignment4.unsuccessfulbuild".
         Touching "Debug\ProgrammingAssignment4.lastbuildstate".
     1>Done Building Project "c:\Users\ali\documents\visual studio 2010\Projects\ProgrammingAssignment4\ProgrammingAssignment4\ProgrammingAssignment4.vcxproj" (build target(s)).

Build succeeded.

Time Elapsed 00:00:03.39
